<?xml version="1.0" encoding="UTF-8"?>
<!-- Generated by org.testng.reporters.JUnitReportReporter -->
<testsuite hostname="DESKTOP-99BJJHQ" failures="0" tests="1" name="testCases.TS_001_AccountRegistrationTest" time="7.135" errors="0" timestamp="23 Mar 2025 06:35:30 GMT" skipped="0">
  <testcase classname="testCases.TS_001_AccountRegistrationTest" name="registerAccountTest" time="7.135"/>
</testsuite> <!-- testCases.TS_001_AccountRegistrationTest -->
