<?xml version="1.0" encoding="UTF-8"?>
<!-- Generated by org.testng.reporters.JUnitReportReporter -->
<testsuite hostname="DESKTOP-99BJJHQ" failures="0" tests="1" name="testCases.TS_001_AccountRegistrationTest" time="5.250" errors="0" timestamp="26 Mar 2025 12:23:28 GMT" skipped="0">
  <testcase classname="testCases.TS_001_AccountRegistrationTest" name="registerAccountTest" time="5.250"/>
</testsuite> <!-- testCases.TS_001_AccountRegistrationTest -->
